Reading netlist file: "/home/fayz/Digital-Design/FPGA_Projects/VGA_Projects/VGA_Bouncing_Square/moving block/impl/gwsynthesis/moving block.vg"
Parsing netlist file "/home/fayz/Digital-Design/FPGA_Projects/VGA_Projects/VGA_Bouncing_Square/moving block/impl/gwsynthesis/moving block.vg" completed
Processing netlist completed
Reading constraint file: "/home/fayz/Digital-Design/FPGA_Projects/VGA_Projects/VGA_Bouncing_Square/moving block/src/moving block.cst"
Physical Constraint parsed completed
Running placement......
[10%] Placement Phase 0 completed
[20%] Placement Phase 1 completed
[30%] Placement Phase 2 completed
[50%] Placement Phase 3 completed
Running routing......
[60%] Routing Phase 0 completed
[70%] Routing Phase 1 completed
[80%] Routing Phase 2 completed
[90%] Routing Phase 3 completed
Running timing analysis......
[95%] Timing analysis completed
Placement and routing completed
Bitstream generation in progress......
Bitstream generation completed
Running power analysis......
[100%] Power analysis completed
Generate file "/home/fayz/Digital-Design/FPGA_Projects/VGA_Projects/VGA_Bouncing_Square/moving block/impl/pnr/moving block.power.html" completed
Generate file "/home/fayz/Digital-Design/FPGA_Projects/VGA_Projects/VGA_Bouncing_Square/moving block/impl/pnr/moving block.pin.html" completed
Generate file "/home/fayz/Digital-Design/FPGA_Projects/VGA_Projects/VGA_Bouncing_Square/moving block/impl/pnr/moving block.rpt.html" completed
Generate file "/home/fayz/Digital-Design/FPGA_Projects/VGA_Projects/VGA_Bouncing_Square/moving block/impl/pnr/moving block.rpt.txt" completed
Generate file "/home/fayz/Digital-Design/FPGA_Projects/VGA_Projects/VGA_Bouncing_Square/moving block/impl/pnr/moving block.tr.html" completed
Tue Sep  3 16:09:04 2024

